\BOOKMARK [0][-]{title.0}{\376\377\134\001\227\142}{}% 1
\BOOKMARK [0][-]{chapter.1}{\376\377\151\202\217\360}{}% 2
\BOOKMARK [1][-]{section.1.1}{\376\377\220\011\230\230\200\314\146\157\116\016\133\236\232\214\166\356\166\204}{chapter.1}% 3
\BOOKMARK [1][-]{section.1.2}{\376\377\133\236\232\214\121\205\133\271}{chapter.1}% 4
\BOOKMARK [0][-]{chapter.2}{\376\377\137\256\147\015\122\241\220\350\177\162\116\016\232\214\213\301}{}% 5
\BOOKMARK [1][-]{section.2.1}{\376\377\000K\000u\000b\000e\000r\000n\000e\000t\000e\000s\163\257\130\203\144\055\136\372}{chapter.2}% 6
\BOOKMARK [2][-]{subsection.2.1.1}{\376\377\206\132\142\337\147\072\202\202\160\271\121\306\131\007}{section.2.1}% 7
\BOOKMARK [2][-]{subsection.2.1.2}{\376\377\116\072\142\100\147\011\202\202\160\271\133\211\210\305\000D\000o\000c\000k\000e\000r}{section.2.1}% 8
\BOOKMARK [2][-]{subsection.2.1.3}{\376\377\116\072\142\100\147\011\202\202\160\271\133\211\210\305\000K\000u\000b\000e\000r\000n\000e\000t\000e\000s}{section.2.1}% 9
\BOOKMARK [2][-]{subsection.2.1.4}{\376\377\226\306\177\244\000m\000a\000s\000t\000e\000r\202\202\160\271\122\035\131\313\123\026\116\016\000n\000o\000d\000e\202\202\160\271\122\240\121\145}{section.2.1}% 10
\BOOKMARK [2][-]{subsection.2.1.5}{\376\377\177\121\176\334\221\115\177\156}{section.2.1}% 11
\BOOKMARK [2][-]{subsection.2.1.6}{\376\377\000K\000u\000b\000e\000r\000n\000e\000t\000e\000s\226\306\177\244\221\115\177\156\176\323\147\234}{section.2.1}% 12
\BOOKMARK [1][-]{section.2.2}{\376\377\000K\000u\000b\000e\000r\000n\000e\000t\000e\000s\000\040\000D\000a\000s\000h\000b\000o\000a\000r\000d\220\350\177\162}{chapter.2}% 13
\BOOKMARK [1][-]{section.2.3}{\376\377\000I\000s\000t\000i\000o\116\016\000O\000n\000l\000i\000n\000e\000-\000B\000o\000u\000t\000i\000q\000u\000e\230\171\166\356\137\256\147\015\122\241\220\350\177\162}{chapter.2}% 14
\BOOKMARK [2][-]{subsection.2.3.1}{\376\377\123\125\117\123\147\266\147\204\116\016\137\256\147\015\122\241\147\266\147\204}{section.2.3}% 15
\BOOKMARK [2][-]{subsection.2.3.2}{\376\377\000O\000n\000l\000i\000n\000e\000\040\000B\000o\000u\000t\000i\000q\000u\000e\000\040\116\343\170\001\122\006\147\220}{section.2.3}% 16
\BOOKMARK [2][-]{subsection.2.3.3}{\376\377\133\211\210\305\000I\000s\000t\000i\000o}{section.2.3}% 17
\BOOKMARK [2][-]{subsection.2.3.4}{\376\377\000O\000n\000l\000i\000n\000e\000\040\000B\000o\000u\000t\000i\000q\000u\000e\000\040\136\224\165\050\220\350\177\162}{section.2.3}% 18
\BOOKMARK [2][-]{subsection.2.3.5}{\376\377\225\134\120\317\147\204\136\372}{section.2.3}% 19
\BOOKMARK [2][-]{subsection.2.3.6}{\376\377\000K\000u\000b\000e\000r\000n\000e\000t\000e\000s\000\040\220\350\177\162\221\115\177\156}{section.2.3}% 20
\BOOKMARK [2][-]{subsection.2.3.7}{\376\377\116\072\137\256\147\015\122\241\124\057\165\050\000I\000s\000t\000i\000o\145\057\143\001}{section.2.3}% 21
\BOOKMARK [2][-]{subsection.2.3.8}{\376\377\213\277\225\356\231\226\230\165\116\016\122\237\200\375\232\214\213\301}{section.2.3}% 22
\BOOKMARK [0][-]{chapter.3}{\376\377\147\015\122\241\154\273\164\006\116\016\166\321\143\247}{}% 23
\BOOKMARK [1][-]{section.3.1}{\376\377\147\015\122\241\177\121\176\334\147\266\147\204\116\016\117\040\176\337\177\121\176\334\147\266\147\204\133\371\153\324\116\016\122\006\147\220}{chapter.3}% 24
\BOOKMARK [2][-]{subsection.3.1.1}{\376\377\117\040\176\337\177\121\176\334\147\266\147\204}{section.3.1}% 25
\BOOKMARK [2][-]{subsection.3.1.2}{\376\377\147\015\122\241\177\121\176\334\147\266\147\204}{section.3.1}% 26
\BOOKMARK [1][-]{section.3.2}{\376\377\161\224\145\255\060\001\226\120\155\101\060\001\213\244\213\301\060\001\143\210\147\103\166\204\225\356\230\230\122\006\147\220}{chapter.3}% 27
\BOOKMARK [2][-]{subsection.3.2.1}{\376\377\161\224\145\255}{section.3.2}% 28
\BOOKMARK [2][-]{subsection.3.2.2}{\376\377\226\120\155\101}{section.3.2}% 29
\BOOKMARK [2][-]{subsection.3.2.3}{\376\377\213\244\213\301\116\016\143\210\147\103}{section.3.2}% 30
\BOOKMARK [2][-]{subsection.3.2.4}{\376\377\224\376\215\357\217\375\216\052}{section.3.2}% 31
\BOOKMARK [2][-]{subsection.3.2.5}{\376\377\123\357\211\302\133\337\140\047\116\016\143\007\150\007}{section.3.2}% 32
\BOOKMARK [1][-]{section.3.3}{\376\377\140\047\200\375\166\321\143\247\116\016\123\357\211\302\155\113\140\047}{chapter.3}% 33
\BOOKMARK [2][-]{subsection.3.3.1}{\376\377\000P\000r\000o\000m\000e\000t\000h\000e\000u\000s\000\040\166\204\221\115\177\156\116\016\117\177\165\050}{section.3.3}% 34
\BOOKMARK [2][-]{subsection.3.3.2}{\376\377\000G\000r\000a\000f\000a\000n\000a\000\040\166\204\221\115\177\156\116\016\117\177\165\050}{section.3.3}% 35
\BOOKMARK [1][-]{section.3.4}{\376\377\147\015\122\241\142\323\142\121\123\321\163\260\116\016\224\376\215\357\217\375\216\052}{chapter.3}% 36
\BOOKMARK [2][-]{subsection.3.4.1}{\376\377\000K\000i\000a\000l\000i\000\040\166\204\221\115\177\156\116\016\117\177\165\050}{section.3.4}% 37
\BOOKMARK [2][-]{subsection.3.4.2}{\376\377\000J\000a\000e\000g\000e\000r\000\040\166\204\221\115\177\156\116\016\117\177\165\050}{section.3.4}% 38
\BOOKMARK [0][-]{chapter.4}{\376\377\117\177\165\050\000K\000i\000a\000l\000i\217\333\210\114\155\101\221\317\215\357\165\061\217\375\216\052}{}% 39
\BOOKMARK [1][-]{section.4.1}{\376\377\133\236\232\214\153\145\232\244}{chapter.4}% 40
\BOOKMARK [2][-]{subsection.4.1.1}{\376\377\122\033\136\372\145\260\166\204\122\115\172\357\220\350\177\162}{section.4.1}% 41
\BOOKMARK [2][-]{subsection.4.1.2}{\376\377\146\364\145\260\000V\000i\000r\000t\000u\000a\000l\000S\000e\000r\000v\000i\000c\000e}{section.4.1}% 42
\BOOKMARK [2][-]{subsection.4.1.3}{\376\377\146\364\145\260\155\101\221\317\215\357\165\061\147\103\221\315}{section.4.1}% 43
\BOOKMARK [1][-]{section.4.2}{\376\377\133\236\232\214\176\323\147\234}{chapter.4}% 44
\BOOKMARK [0][-]{chapter.5}{\376\377\117\177\165\050\000G\000r\000a\000f\000a\000n\000a\166\321\143\247\145\105\226\234\154\350\121\145}{}% 45
\BOOKMARK [1][-]{subsection.5.0.1}{\376\377\211\302\133\337\143\250\203\120\147\015\122\241\136\366\217\337}{chapter.5}% 46
\BOOKMARK [2][-]{subsection.5.0.2}{\376\377\137\025\121\145\116\247\124\301\166\356\137\125\147\015\122\241\116\055\153\142}{subsection.5.0.1}% 47
\BOOKMARK [2][-]{subsection.5.0.3}{\376\377\211\302\133\337\116\247\124\301\166\356\137\125\147\015\122\241\116\055\153\142}{subsection.5.0.1}% 48
\BOOKMARK [2][-]{subsection.5.0.4}{\376\377\156\005\164\006}{subsection.5.0.1}% 49
\BOOKMARK [1][-]{section.5.1}{\376\377\133\236\232\214\176\323\147\234}{chapter.5}% 50
\BOOKMARK [1][-]{section.5.2}{\376\377\176\323\213\272}{chapter.5}% 51
\BOOKMARK [0][-]{chapter.6}{\376\377\137\025\165\050\116\016\224\376\143\245}{}% 52
\BOOKMARK [1][-]{section.6.1}{\376\377\142\200\147\057\136\163\123\360\166\204\136\225\134\102\133\236\163\260\147\072\122\066}{chapter.6}% 53
\BOOKMARK [2][-]{subsection.6.1.1}{Kiali}{section.6.1}% 54
\BOOKMARK [2][-]{subsection.6.1.2}{Grafana}{section.6.1}% 55
\BOOKMARK [1][-]{section.6.2}{\376\377\000O\000n\000l\000i\000n\000e\000\040\000B\000o\000u\000t\000i\000q\000u\000e\230\171\166\356\116\055\166\204\221\115\177\156\124\214\117\177\165\050\153\145\232\244}{chapter.6}% 56
\BOOKMARK [2][-]{subsection.6.2.1}{\376\377\000K\000i\000a\000l\000i\166\204\221\115\177\156\124\214\117\177\165\050}{section.6.2}% 57
\BOOKMARK [2][-]{subsection.6.2.2}{\376\377\000G\000r\000a\000f\000a\000n\000a\166\204\221\115\177\156\124\214\117\177\165\050}{section.6.2}% 58
\BOOKMARK [0][-]{chapter.7}{\376\377\121\166\133\203\150\074\137\017}{}% 59
\BOOKMARK [1][-]{section.7.1}{\376\377\116\343\170\001}{chapter.7}% 60
\BOOKMARK [2][-]{subsection.7.1.1}{\376\377\123\237\131\313\116\343\170\001}{section.7.1}% 61
\BOOKMARK [2][-]{subsection.7.1.2}{\376\377\173\227\154\325\143\317\217\360\000/\117\052\116\343\170\001}{section.7.1}% 62
\BOOKMARK [1][-]{section.7.2}{\376\377\176\330\126\376}{chapter.7}% 63
\BOOKMARK [1][-]{section.7.3}{\376\377\121\231\127\050\147\000\124\016}{chapter.7}% 64
\BOOKMARK [0][-]{chapter*.20}{\376\377\176\323\213\272}{}% 65
\BOOKMARK [0][-]{appendix.A}{\376\377\155\113\213\325}{}% 66
\BOOKMARK [1][-]{section.A.1}{\376\377\173\054\116\000\116\052\155\113\213\325}{appendix.A}% 67
\BOOKMARK [0][-]{appendix.B}{\376\377\226\104\137\125\155\113\213\325}{}% 68
